<?xml version="1.0" encoding="UTF-8"?>
<testsuite name="org.medical_appointment.infrastructure.database.repository.DoctorRepositoryTest" tests="3" skipped="0" failures="0" errors="0" timestamp="2024-02-19T18:38:12" hostname="DESKTOP-A9LUF2G" time="0.072">
  <properties/>
  <testcase name="findByMedicalLicenceWhenNotExists()" classname="org.medical_appointment.infrastructure.database.repository.DoctorRepositoryTest" time="0.066"/>
  <testcase name="findAvailableSpecializationsWorksCorrectly()" classname="org.medical_appointment.infrastructure.database.repository.DoctorRepositoryTest" time="0.002"/>
  <testcase name="findByMedicalLicenceWhenExists()" classname="org.medical_appointment.infrastructure.database.repository.DoctorRepositoryTest" time="0.002"/>
  <system-out><![CDATA[]]></system-out>
  <system-err><![CDATA[]]></system-err>
</testsuite>
