<?xml version="1.0" encoding="UTF-8"?>
<testsuite name="org.medical_appointment.api.DTO.mapper.AppointmentMapperTest" tests="2" skipped="0" failures="0" errors="0" timestamp="2024-02-19T18:37:58" hostname="DESKTOP-A9LUF2G" time="0.077">
  <properties/>
  <testcase name="mapUncompletedWorksCorrectly()" classname="org.medical_appointment.api.DTO.mapper.AppointmentMapperTest" time="0.072"/>
  <testcase name="mapToAppointmentDTOWorksCorrectly()" classname="org.medical_appointment.api.DTO.mapper.AppointmentMapperTest" time="0.002"/>
  <system-out><![CDATA[]]></system-out>
  <system-err><![CDATA[]]></system-err>
</testsuite>
