<?xml version="1.0" encoding="UTF-8"?>
<testsuite name="org.medical_appointment.infrastructure.database.repository.DoctorAvailableRepositoryTest" tests="9" skipped="0" failures="0" errors="0" timestamp="2024-02-19T18:38:12" hostname="DESKTOP-A9LUF2G" time="0.095">
  <properties/>
  <testcase name="createAvailableDateWorksCorrectly()" classname="org.medical_appointment.infrastructure.database.repository.DoctorAvailableRepositoryTest" time="0.07"/>
  <testcase name="setAsCompletedWorksCorrectly()" classname="org.medical_appointment.infrastructure.database.repository.DoctorAvailableRepositoryTest" time="0.002"/>
  <testcase name="findByMedicalLicenceWorksCorrectly()" classname="org.medical_appointment.infrastructure.database.repository.DoctorAvailableRepositoryTest" time="0.004"/>
  <testcase name="findByIdWhenDoctorAvailableNotExists()" classname="org.medical_appointment.infrastructure.database.repository.DoctorAvailableRepositoryTest" time="0.002"/>
  <testcase name="findByIdWhenDoctorAvailableExists()" classname="org.medical_appointment.infrastructure.database.repository.DoctorAvailableRepositoryTest" time="0.002"/>
  <testcase name="deleteDoctorAvailableWorksCorrectly()" classname="org.medical_appointment.infrastructure.database.repository.DoctorAvailableRepositoryTest" time="0.002"/>
  <testcase name="makeReservationWorksCorrectly()" classname="org.medical_appointment.infrastructure.database.repository.DoctorAvailableRepositoryTest" time="0.002"/>
  <testcase name="findBySpecializationWorksCorrectly()" classname="org.medical_appointment.infrastructure.database.repository.DoctorAvailableRepositoryTest" time="0.005"/>
  <testcase name="cancelReservationWorksCorrectly()" classname="org.medical_appointment.infrastructure.database.repository.DoctorAvailableRepositoryTest" time="0.002"/>
  <system-out><![CDATA[]]></system-out>
  <system-err><![CDATA[]]></system-err>
</testsuite>
