<?xml version="1.0" encoding="UTF-8"?>
<testsuite name="org.medical_appointment.business.PatientServiceTest" tests="2" skipped="0" failures="0" errors="0" timestamp="2024-02-19T18:38:11" hostname="DESKTOP-A9LUF2G" time="0.064">
  <properties/>
  <testcase name="findPatientByPeselWhenPatientNotExists()" classname="org.medical_appointment.business.PatientServiceTest" time="0.061"/>
  <testcase name="findPatientByPeselWhenPatientExists()" classname="org.medical_appointment.business.PatientServiceTest" time="0.002"/>
  <system-out><![CDATA[]]></system-out>
  <system-err><![CDATA[]]></system-err>
</testsuite>
