<?xml version="1.0" encoding="UTF-8"?>
<testsuite name="org.medical_appointment.api.controller.ReservationControllerTest" tests="3" skipped="0" failures="0" errors="0" timestamp="2024-02-19T18:38:10" hostname="DESKTOP-A9LUF2G" time="0.094">
  <properties/>
  <testcase name="confirmedReservationAndAddAppointmentWorksCorrectly()" classname="org.medical_appointment.api.controller.ReservationControllerTest" time="0.032"/>
  <testcase name="showAllAvailableDatesForSpecializationPageWorksCorrectly()" classname="org.medical_appointment.api.controller.ReservationControllerTest" time="0.019"/>
  <testcase name="confirmReservationWorksCorrectly()" classname="org.medical_appointment.api.controller.ReservationControllerTest" time="0.037"/>
  <system-out><![CDATA[INFO  o.s.t.c.s.AnnotationConfigContextLoaderUtils - Could not detect default configuration classes for test class [org.medical_appointment.api.controller.ReservationControllerTest]: ReservationControllerTest does not declare any static, non-private, non-final, nested classes annotated with @Configuration.
INFO  o.s.b.t.c.SpringBootTestContextBootstrapper - Found @SpringBootConfiguration org.medical_appointment.MedicalAppointmentApplication for test class org.medical_appointment.api.controller.ReservationControllerTest

  .   ____          _            __ _ _
 /\\ / ___'_ __ _ _(_)_ __  __ _ \ \ \ \
( ( )\___ | '_ | '_| | '_ \/ _` | \ \ \ \
 \\/  ___)| |_)| | | | | || (_| |  ) ) ) )
  '  |____| .__|_| |_|_| |_\__, | / / / /
 =========|_|==============|___/=/_/_/_/
 :: Spring Boot ::                (v3.2.1)

INFO  o.m.a.c.ReservationControllerTest - Starting ReservationControllerTest using Java 18.0.1.1 with PID 15140 (started by choch in C:\Users\choch\Desktop\Medical-Appointment-App)
INFO  o.m.a.c.ReservationControllerTest - No active profile set, falling back to 1 default profile: "default"
WARN  o.s.b.a.s.s.UserDetailsServiceAutoConfiguration - 

Using generated security password: ba6e8f4c-8955-4f0e-99e5-cdb56f76ead0

This generated password is for development use only. Your security configuration must be updated before running your application in production.

INFO  o.s.s.web.DefaultSecurityFilterChain - Will secure any request with [org.springframework.security.web.session.DisableEncodeUrlFilter@727d937a, org.springframework.security.web.context.request.async.WebAsyncManagerIntegrationFilter@130901fd, org.springframework.security.web.context.SecurityContextHolderFilter@198fe398, org.springframework.security.web.header.HeaderWriterFilter@6be8e6ee, org.springframework.web.filter.CorsFilter@659f5f32, org.springframework.security.web.csrf.CsrfFilter@747795d7, org.springframework.security.web.authentication.logout.LogoutFilter@b7526a9, org.springframework.security.web.authentication.UsernamePasswordAuthenticationFilter@5304ac92, org.springframework.security.web.authentication.ui.DefaultLoginPageGeneratingFilter@4c1d2a13, org.springframework.security.web.authentication.ui.DefaultLogoutPageGeneratingFilter@20fdd484, org.springframework.security.web.authentication.www.BasicAuthenticationFilter@71669835, org.springframework.security.web.savedrequest.RequestCacheAwareFilter@511e0453, org.springframework.security.web.servletapi.SecurityContextHolderAwareRequestFilter@60ee6f76, org.springframework.security.web.authentication.AnonymousAuthenticationFilter@3e0575a2, org.springframework.security.web.access.ExceptionTranslationFilter@35408036, org.springframework.security.web.access.intercept.AuthorizationFilter@3d1b91d1]
INFO  o.s.b.t.m.w.SpringBootMockServletContext - Initializing Spring TestDispatcherServlet ''
INFO  o.s.t.w.s.TestDispatcherServlet - Initializing Servlet ''
INFO  o.s.t.w.s.TestDispatcherServlet - Completed initialization in 0 ms
INFO  o.m.a.c.ReservationControllerTest - Started ReservationControllerTest in 0.962 seconds (process running for 13.049)
]]></system-out>
  <system-err><![CDATA[]]></system-err>
</testsuite>
