<?xml version="1.0" encoding="UTF-8"?>
<testsuite name="org.medical_appointment.infrastructure.database.repository.AppointmentRepositoryTest" tests="7" skipped="0" failures="0" errors="0" timestamp="2024-02-19T18:38:11" hostname="DESKTOP-A9LUF2G" time="0.294">
  <properties/>
  <testcase name="findByIdWorksCorrectly()" classname="org.medical_appointment.infrastructure.database.repository.AppointmentRepositoryTest" time="0.268"/>
  <testcase name="findAllUncompletedAppointmentsForPatientWorksCorrectly()" classname="org.medical_appointment.infrastructure.database.repository.AppointmentRepositoryTest" time="0.005"/>
  <testcase name="findAppointmentByDoctorAvailableIdWorksCorrectly()" classname="org.medical_appointment.infrastructure.database.repository.AppointmentRepositoryTest" time="0.003"/>
  <testcase name="findAllCompletedAppointmentsForPatientWorksCorrectly()" classname="org.medical_appointment.infrastructure.database.repository.AppointmentRepositoryTest" time="0.005"/>
  <testcase name="updateAppointmentWorksCorrectly()" classname="org.medical_appointment.infrastructure.database.repository.AppointmentRepositoryTest" time="0.004"/>
  <testcase name="cancelReservationWorksCorrectly()" classname="org.medical_appointment.infrastructure.database.repository.AppointmentRepositoryTest" time="0.003"/>
  <testcase name="scheduleAppointmentWorksCorrectly()" classname="org.medical_appointment.infrastructure.database.repository.AppointmentRepositoryTest" time="0.002"/>
  <system-out><![CDATA[]]></system-out>
  <system-err><![CDATA[]]></system-err>
</testsuite>
