<?xml version="1.0" encoding="UTF-8"?>
<testsuite name="org.medical_appointment.infrastructure.database.mapper.AppointmentEntityMapperTest" tests="4" skipped="0" failures="0" errors="0" timestamp="2024-02-19T18:38:11" hostname="DESKTOP-A9LUF2G" time="0.008">
  <properties/>
  <testcase name="mapFromEntityToAppointmentCorrectly()" classname="org.medical_appointment.infrastructure.database.mapper.AppointmentEntityMapperTest" time="0.004"/>
  <testcase name="mapToEntityFromPatientWhenScheduledAppointmentWithoutIllnessCorrectly()" classname="org.medical_appointment.infrastructure.database.mapper.AppointmentEntityMapperTest" time="0.001"/>
  <testcase name="mapToEntityFromPatientWhenScheduledAppointmentCorrectly()" classname="org.medical_appointment.infrastructure.database.mapper.AppointmentEntityMapperTest" time="0.001"/>
  <testcase name="mapFromEntityToAppointmentWithoutIllnessCorrectly()" classname="org.medical_appointment.infrastructure.database.mapper.AppointmentEntityMapperTest" time="0.0"/>
  <system-out><![CDATA[]]></system-out>
  <system-err><![CDATA[]]></system-err>
</testsuite>
