<?xml version="1.0" encoding="UTF-8"?>
<testsuite name="org.medical_appointment.api.controller.PatientControllerTest" tests="6" skipped="0" failures="0" errors="0" timestamp="2024-02-19T18:38:09" hostname="DESKTOP-A9LUF2G" time="0.228">
  <properties/>
  <testcase name="selectSpecializationForReservePageWorksCorrectly()" classname="org.medical_appointment.api.controller.PatientControllerTest" time="0.056"/>
  <testcase name="upcomingAppointmentsPageWorksCorrectly()" classname="org.medical_appointment.api.controller.PatientControllerTest" time="0.028"/>
  <testcase name="cancelReservationPageWorksCorrectly()" classname="org.medical_appointment.api.controller.PatientControllerTest" time="0.011"/>
  <testcase name="patientHomePageWorksCorrectly()" classname="org.medical_appointment.api.controller.PatientControllerTest" time="0.034"/>
  <testcase name="completedAppointmentsPageWorksCorrectly()" classname="org.medical_appointment.api.controller.PatientControllerTest" time="0.044"/>
  <testcase name="canceledAppointmentsPageWorksCorrectly()" classname="org.medical_appointment.api.controller.PatientControllerTest" time="0.018"/>
  <system-out><![CDATA[INFO  o.s.t.c.s.AnnotationConfigContextLoaderUtils - Could not detect default configuration classes for test class [org.medical_appointment.api.controller.PatientControllerTest]: PatientControllerTest does not declare any static, non-private, non-final, nested classes annotated with @Configuration.
INFO  o.s.b.t.c.SpringBootTestContextBootstrapper - Found @SpringBootConfiguration org.medical_appointment.MedicalAppointmentApplication for test class org.medical_appointment.api.controller.PatientControllerTest

  .   ____          _            __ _ _
 /\\ / ___'_ __ _ _(_)_ __  __ _ \ \ \ \
( ( )\___ | '_ | '_| | '_ \/ _` | \ \ \ \
 \\/  ___)| |_)| | | | | || (_| |  ) ) ) )
  '  |____| .__|_| |_|_| |_\__, | / / / /
 =========|_|==============|___/=/_/_/_/
 :: Spring Boot ::                (v3.2.1)

INFO  o.m.a.c.PatientControllerTest - Starting PatientControllerTest using Java 18.0.1.1 with PID 15140 (started by choch in C:\Users\choch\Desktop\Medical-Appointment-App)
INFO  o.m.a.c.PatientControllerTest - No active profile set, falling back to 1 default profile: "default"
WARN  o.s.b.a.s.s.UserDetailsServiceAutoConfiguration - 

Using generated security password: 4d47936a-ce81-4a59-b0b9-252435e00eaf

This generated password is for development use only. Your security configuration must be updated before running your application in production.

INFO  o.s.s.web.DefaultSecurityFilterChain - Will secure any request with [org.springframework.security.web.session.DisableEncodeUrlFilter@7cc966a9, org.springframework.security.web.context.request.async.WebAsyncManagerIntegrationFilter@77fd5501, org.springframework.security.web.context.SecurityContextHolderFilter@762e3836, org.springframework.security.web.header.HeaderWriterFilter@466c39de, org.springframework.web.filter.CorsFilter@7c144349, org.springframework.security.web.csrf.CsrfFilter@48c56b42, org.springframework.security.web.authentication.logout.LogoutFilter@17c7cc93, org.springframework.security.web.authentication.UsernamePasswordAuthenticationFilter@bf0025d, org.springframework.security.web.authentication.ui.DefaultLoginPageGeneratingFilter@1368ed98, org.springframework.security.web.authentication.ui.DefaultLogoutPageGeneratingFilter@93cc5eb, org.springframework.security.web.authentication.www.BasicAuthenticationFilter@227ae4e4, org.springframework.security.web.savedrequest.RequestCacheAwareFilter@15d2c2ca, org.springframework.security.web.servletapi.SecurityContextHolderAwareRequestFilter@346d8002, org.springframework.security.web.authentication.AnonymousAuthenticationFilter@3ef7064b, org.springframework.security.web.access.ExceptionTranslationFilter@5c6fae3c, org.springframework.security.web.access.intercept.AuthorizationFilter@1b2213b2]
INFO  o.s.b.t.m.w.SpringBootMockServletContext - Initializing Spring TestDispatcherServlet ''
INFO  o.s.t.w.s.TestDispatcherServlet - Initializing Servlet ''
INFO  o.s.t.w.s.TestDispatcherServlet - Completed initialization in 1 ms
INFO  o.m.a.c.PatientControllerTest - Started PatientControllerTest in 0.622 seconds (process running for 11.751)
]]></system-out>
  <system-err><![CDATA[]]></system-err>
</testsuite>
