<?xml version="1.0" encoding="UTF-8"?>
<testsuite name="org.medical_appointment.infrastructure.database.mapper.PatientEntityMapperTest" tests="2" skipped="0" failures="0" errors="0" timestamp="2024-02-19T18:38:11" hostname="DESKTOP-A9LUF2G" time="0.003">
  <properties/>
  <testcase name="mapFromEntityToPatientCorrectly()" classname="org.medical_appointment.infrastructure.database.mapper.PatientEntityMapperTest" time="0.002"/>
  <testcase name="mapToEntityFromPatientCorrectly()" classname="org.medical_appointment.infrastructure.database.mapper.PatientEntityMapperTest" time="0.0"/>
  <system-out><![CDATA[]]></system-out>
  <system-err><![CDATA[]]></system-err>
</testsuite>
