<?xml version="1.0" encoding="UTF-8"?>
<testsuite name="org.medical_appointment.integration.rest.RandomUserIT" tests="2" skipped="0" failures="0" errors="0" timestamp="2024-02-19T18:38:32" hostname="DESKTOP-A9LUF2G" time="1.023">
  <properties/>
  <testcase name="contextLoaded()" classname="org.medical_appointment.integration.rest.RandomUserIT" time="0.021"/>
  <testcase name="thatGettingRandomUserWorksCorrectly()" classname="org.medical_appointment.integration.rest.RandomUserIT" time="1.001"/>
  <system-out><![CDATA[]]></system-out>
  <system-err><![CDATA[]]></system-err>
</testsuite>
